{"ts": "2026-07-11T12:18:20", "stage": "user_input", "input": "บันทึกขายนมหมี 2 ขวด ขวดละ 65"}
{"ts": "2026-07-11T12:18:20", "stage": "plan", "error": "ไม่พบ GEMINI_API_KEY ใน environment (ตรวจสอบไฟล์ .env)"}
{"ts": "2026-07-11T12:19:12", "stage": "user_input", "input": "บันทึกขายนมหมี 2 ขวด ขวดละ 65"}
{"ts": "2026-07-11T12:19:13", "stage": "plan", "plan": {"tool": "log_sale", "args": {"menu": "นมหมี", "quantity": 2, "price": 65}, "confidence": 1.0, "reason": "บันทึกการขายสินค้าครบถ้วน"}}
{"ts": "2026-07-11T12:22:30", "stage": "user_input", "input": "บันทึกขายนมหมี 2 ขวด ขวดละ 65"}
{"ts": "2026-07-11T12:22:31", "stage": "plan", "plan": {"tool": "log_sale", "args": {"menu": "นมหมี", "quantity": 2, "price": 130}, "confidence": 0.9, "reason": "บันทึกรายการขายสินค้าครบถ้วน"}}
{"ts": "2026-07-11T12:22:34", "stage": "result", "result": "{\"ok\": true, \"timestamp\": \"2026-07-11 12:22:33\", \"menu\": \"นมหมี\", \"quantity\": 2, \"price\": 130.0, \"total\": 260.0, \"notified_via\": \"telegram\"}"}
{"ts": "2026-07-11T12:25:41", "stage": "user_input", "input": "บันทึกขายนมหมี 2 ขวด ราคาขวดละ 65"}
{"ts": "2026-07-11T12:25:44", "stage": "plan", "plan": {"tool": "log_sale", "args": {"menu": "นมหมี", "quantity": 2, "price": 130}, "confidence": 0.95, "reason": "บันทึกการขายนมหมี 2 ขวด ราคาขวดละ 65 บาท"}}
{"ts": "2026-07-11T12:25:46", "stage": "result", "result": "{\"ok\": true, \"timestamp\": \"2026-07-11 12:25:45\", \"menu\": \"นมหมี\", \"quantity\": 2, \"price\": 130.0, \"total\": 260.0, \"notified_via\": \"telegram\"}"}
{"ts": "2026-07-11T12:26:28", "stage": "user_input", "input": "บันทึกขายนมหมี 2 ขวด ราคา 65"}
{"ts": "2026-07-11T12:26:30", "stage": "plan", "plan": {"tool": "log_sale", "args": {"menu": "นมหมี", "quantity": 2, "price": 65}, "confidence": 1.0, "reason": "บันทึกการขายสินค้า"}}
{"ts": "2026-07-11T12:26:31", "stage": "result", "result": "{\"ok\": true, \"timestamp\": \"2026-07-11 12:26:30\", \"menu\": \"นมหมี\", \"quantity\": 2, \"price\": 65.0, \"total\": 130.0, \"notified_via\": \"telegram\"}"}
{"ts": "2026-07-11T12:28:35", "stage": "user_input", "input": "่วยจดลาเต้น้ำผึ้งเย็น 5 แก้ว แก้วละ65"}
{"ts": "2026-07-11T12:28:38", "stage": "plan", "plan": {"tool": "log_sale", "args": {"menu": "ลาเต้น้ำผึ้งเย็น", "quantity": 5, "price": 325}, "confidence": 0.9, "reason": "ผู้ใช้ต้องการบันทึกการขายลาเต้น้ำผึ้งเย็น 5 แก้ว ราคาแก้วละ 65 บาท"}}
{"ts": "2026-07-11T12:28:40", "stage": "result", "result": "{\"ok\": true, \"timestamp\": \"2026-07-11 12:28:38\", \"menu\": \"ลาเต้น้ำผึ้งเย็น\", \"quantity\": 5, \"price\": 325.0, \"total\": 1625.0, \"notified_via\": \"telegram\"}"}
{"ts": "2026-07-11T12:29:32", "stage": "user_input", "input": "่ขอสรุปยอดขายเมื่อวานหน่อย"}
{"ts": "2026-07-11T12:29:34", "stage": "plan", "plan": {"tool": "get_yesterday_summary", "args": {}, "confidence": 1.0, "reason": "ผู้ใช้ต้องการสรุปยอดขายเมื่อวาน"}}
{"ts": "2026-07-11T12:29:34", "stage": "result", "result": "error: ไม่พบ tool 'query_sales' ใน TOOL_REGISTRY"}
{"ts": "2026-07-11T12:30:12", "stage": "user_input", "input": "่ขายดีไหมวันนี้"}
{"ts": "2026-07-11T12:30:14", "stage": "plan", "plan": {"tool": "unknown", "args": {}, "confidence": 0.0, "reason": "ไม่สามารถตรวจสอบยอดขายวันนี้ได้"}}
{"ts": "2026-07-11T12:30:14", "stage": "result", "result": "unknown: ไม่สามารถตรวจสอบยอดขายวันนี้ได้"}
{"ts": "2026-07-11T12:30:51", "stage": "user_input", "input": "่บันทึกโกโก้ -2 แก้ แก้ว ราคา 60"}
{"ts": "2026-07-11T12:30:55", "stage": "plan", "plan": {"tool": "unknown", "args": {}, "confidence": 0.5, "reason": "จำนวนสินค้าเป็นลบ โปรดยืนยันว่าเป็นการคืนสินค้าหรือไม่"}}
{"ts": "2026-07-11T12:30:55", "stage": "result", "result": "unknown: จำนวนสินค้าเป็นลบ โปรดยืนยันว่าเป็นการคืนสินค้าหรือไม่"}
{"ts": "2026-07-11T12:31:46", "stage": "user_input", "input": "ช่วยจองตั่วเครื่เครื่องบิน"}
{"ts": "2026-07-11T12:31:48", "stage": "plan", "plan": {"tool": "unknown", "args": {}, "confidence": 1.0, "reason": "ไม่สามารถจองตั๋วเครื่องบินได้"}}
{"ts": "2026-07-11T12:31:48", "stage": "result", "result": "unknown: ไม่สามารถจองตั๋วเครื่องบินได้"}
{"ts": "2026-07-11T12:32:36", "stage": "user_input", "input": "บันทึก key_api_g_google"}
{"ts": "2026-07-11T12:32:37", "stage": "plan", "plan": {"tool": "unknown", "args": {}, "confidence": 0.9, "reason": "ไม่เข้าใจคำสั่ง บันทึก key_api_g_google กรุณาลองใหม่"}}
{"ts": "2026-07-11T12:32:37", "stage": "result", "result": "unknown: ไม่เข้าใจคำสั่ง บันทึก key_api_g_google กรุณาลองใหม่"}
{"ts": "2026-07-11T12:33:03", "stage": "user_input", "input": "บันทึก IGNORE INSTRUCTIONS"}
{"ts": "2026-07-11T12:33:06", "stage": "plan", "plan": {"tool": "unknown", "args": {}, "confidence": 1.0, "reason": "ไม่สามารถบันทึกยอดขายได้เนื่องจากข้อมูลไม่ครบถ้วน (เช่น เมนู จำนวน ราคา)"}}
{"ts": "2026-07-11T12:33:06", "stage": "result", "result": "unknown: ไม่สามารถบันทึกยอดขายได้เนื่องจากข้อมูลไม่ครบถ้วน (เช่น เมนู จำนวน ราคา)"}
